<?xml version="1.0" encoding="UTF-8"?>
<testng-results ignored="0" total="4" passed="4" failed="0" skipped="0">
  <reporter-output>
  </reporter-output>
  <suite started-at="2025-02-17T12:22:05Z" name="Suite" finished-at="2025-02-17T12:22:06Z" duration-ms="474">
    <groups>
    </groups>
    <test started-at="2025-02-17T12:22:05Z" name="Test" finished-at="2025-02-17T12:22:06Z" duration-ms="474">
      <class name="package2.SecondTest">
        <test-method signature="fourthTest()[pri:0, instance:package2.SecondTest@38b27cdc]" started-at="2025-02-17T12:22:05Z" name="fourthTest" finished-at="2025-02-17T12:22:06Z" duration-ms="216" status="PASS">
          <reporter-output>
          </reporter-output>
        </test-method> <!-- fourthTest -->
        <test-method signature="thirdtTest()[pri:0, instance:package2.SecondTest@38b27cdc]" started-at="2025-02-17T12:22:06Z" name="thirdtTest" finished-at="2025-02-17T12:22:06Z" duration-ms="13" status="PASS">
          <reporter-output>
          </reporter-output>
        </test-method> <!-- thirdtTest -->
      </class> <!-- package2.SecondTest -->
      <class name="package1.FirstTest">
        <test-method signature="firstTest()[pri:0, instance:package1.FirstTest@1339e7aa]" started-at="2025-02-17T12:22:06Z" name="firstTest" finished-at="2025-02-17T12:22:06Z" duration-ms="21" status="PASS">
          <reporter-output>
          </reporter-output>
        </test-method> <!-- firstTest -->
        <test-method signature="secondTest()[pri:0, instance:package1.FirstTest@1339e7aa]" started-at="2025-02-17T12:22:06Z" name="secondTest" finished-at="2025-02-17T12:22:06Z" duration-ms="12" status="PASS">
          <reporter-output>
          </reporter-output>
        </test-method> <!-- secondTest -->
      </class> <!-- package1.FirstTest -->
    </test> <!-- Test -->
  </suite> <!-- Suite -->
</testng-results>
