<?xml version="1.0" encoding="UTF-8"?>
<!-- Generated by org.testng.reporters.JUnitXMLReporter -->
<testsuite ignored="0" hostname="Nayan" failures="0" tests="4" name="Test" time="0.474" errors="0" timestamp="17 Feb 2025 12:22:06 GMT">
  <testcase classname="package2.SecondTest" name="fourthTest" time="0.216"/>
  <testcase classname="package2.SecondTest" name="thirdtTest" time="0.013"/>
  <testcase classname="package1.FirstTest" name="firstTest" time="0.021"/>
  <testcase classname="package1.FirstTest" name="secondTest" time="0.012"/>
</testsuite> <!-- Test -->
